<?xml version="1.0" encoding="UTF-8" ?>
<testsuite tests="4" failures="1" name="edu.farmingdale.lab13se.Lab13SETest" time="0.019" errors="0" skipped="0">
  <properties>
[...]
</properties>
  <testcase classname="edu.farmingdale.lab13se.Lab13SETest" name="edu.farmingdale.lab13se.Lab13SETest.testPrimeNumFalse" time="0.005"/>
  <testcase classname="edu.farmingdale.lab13se.Lab13SETest" name="edu.farmingdale.lab13se.Lab13SETest.testFiveNum" time="0.014">
    <failure message="expected: &lt;true&gt; but was: &lt;false&gt;" type="org.opentest4j.AssertionFailedError">org.opentest4j.AssertionFailedError: expected: &lt;true&gt; but was: &lt;false&gt;
	at org.junit.jupiter.api.AssertionUtils.fail(AssertionUtils.java:55)
	at org.junit.jupiter.api.AssertionUtils.failNotEqual(AssertionUtils.java:62)
	at org.junit.jupiter.api.AssertEquals.assertEquals(AssertEquals.java:182)
	at org.junit.jupiter.api.AssertEquals.assertEquals(AssertEquals.java:177)
	at org.junit.jupiter.api.Assertions.assertEquals(Assertions.java:1124)
	at edu.farmingdale.lab13se.Lab13SETest.testFiveNum(Lab13SETest.java:54)
</failure>
    <system-out>fiveNum
</system-out>
  </testcase>
  <testcase classname="edu.farmingdale.lab13se.Lab13SETest" name="edu.farmingdale.lab13se.Lab13SETest.testPrimeNumTrue" time="0"/>
  <testcase classname="edu.farmingdale.lab13se.Lab13SETest" name="edu.farmingdale.lab13se.Lab13SETest.testFiveNum1" time="0"/>
</testsuite>